This file contains any messages produced by compilers while
running configure, to aid debugging if configure makes a mistake.

It was created by dxf2G configure 1.0.6, which was
generated by GNU Autoconf 2.71.  Invocation command line was

  $ ./configure

## --------- ##
## Platform. ##
## --------- ##

hostname = pier-hp350g2
uname -m = x86_64
uname -r = 6.1.0-18-amd64
uname -s = Linux
uname -v = #1 SMP PREEMPT_DYNAMIC Debian 6.1.76-1 (2024-02-01)

/usr/bin/uname -p = unknown
/bin/uname -X     = unknown

/bin/arch              = x86_64
/usr/bin/arch -k       = unknown
/usr/convex/getsysinfo = unknown
/usr/bin/hostinfo      = unknown
/bin/machine           = unknown
/usr/bin/oslevel       = unknown
/bin/universe          = unknown

PATH: /usr/local/bin/
PATH: /usr/bin/
PATH: /bin/
PATH: /usr/local/games/
PATH: /usr/games/
PATH: /home/pier//Programmi/bin/
PATH: /usr/local/games/pier/bin/


## ----------- ##
## Core tests. ##
## ----------- ##

configure:2281: looking for aux files: compile missing install-sh
configure:2294:  trying ./
configure:2323:   ./compile found
configure:2323:   ./missing found
configure:2305:   ./install-sh found
configure:2452: checking for a BSD-compatible install
configure:2525: result: /usr/bin/install -c
configure:2536: checking whether build environment is sane
configure:2591: result: yes
configure:2750: checking for a race-free mkdir -p
configure:2794: result: /usr/bin/mkdir -p
configure:2801: checking for gawk
configure:2822: found /usr/bin/gawk
configure:2833: result: gawk
configure:2844: checking whether make sets $(MAKE)
configure:2867: result: yes
configure:2897: checking whether make supports nested variables
configure:2915: result: yes
configure:3118: checking for gcc
configure:3139: found /usr/bin/gcc
configure:3150: result: gcc
configure:3503: checking for C compiler version
configure:3512: gcc --version >&5
gcc (Debian 12.2.0-14) 12.2.0
Copyright (C) 2022 Free Software Foundation, Inc.
This is free software; see the source for copying conditions.  There is NO
warranty; not even for MERCHANTABILITY or FITNESS FOR A PARTICULAR PURPOSE.

configure:3523: $? = 0
configure:3512: gcc -v >&5
Using built-in specs.
COLLECT_GCC=gcc
COLLECT_LTO_WRAPPER=/usr/lib/gcc/x86_64-linux-gnu/12/lto-wrapper
OFFLOAD_TARGET_NAMES=nvptx-none:amdgcn-amdhsa
OFFLOAD_TARGET_DEFAULT=1
Target: x86_64-linux-gnu
Configured with: ../src/configure -v --with-pkgversion='Debian 12.2.0-14' --with-bugurl=file:///usr/share/doc/gcc-12/README.Bugs --enable-languages=c,ada,c++,go,d,fortran,objc,obj-c++,m2 --prefix=/usr --with-gcc-major-version-only --program-suffix=-12 --program-prefix=x86_64-linux-gnu- --enable-shared --enable-linker-build-id --libexecdir=/usr/lib --without-included-gettext --enable-threads=posix --libdir=/usr/lib --enable-nls --enable-clocale=gnu --enable-libstdcxx-debug --enable-libstdcxx-time=yes --with-default-libstdcxx-abi=new --enable-gnu-unique-object --disable-vtable-verify --enable-plugin --enable-default-pie --with-system-zlib --enable-libphobos-checking=release --with-target-system-zlib=auto --enable-objc-gc=auto --enable-multiarch --disable-werror --enable-cet --with-arch-32=i686 --with-abi=m64 --with-multilib-list=m32,m64,mx32 --enable-multilib --with-tune=generic --enable-offload-targets=nvptx-none=/build/gcc-12-bTRWOB/gcc-12-12.2.0/debian/tmp-nvptx/usr,amdgcn-amdhsa=/build/gcc-12-bTRWOB/gcc-12-12.2.0/debian/tmp-gcn/usr --enable-offload-defaulted --without-cuda-driver --enable-checking=release --build=x86_64-linux-gnu --host=x86_64-linux-gnu --target=x86_64-linux-gnu
Thread model: posix
Supported LTO compression algorithms: zlib zstd
gcc version 12.2.0 (Debian 12.2.0-14) 
... rest of stderr output deleted ...
configure:3523: $? = 0
configure:3512: gcc -V >&5
gcc: error: unrecognized command-line option '-V'
gcc: fatal error: no input files
compilation terminated.
configure:3523: $? = 1
configure:3512: gcc -qversion >&5
gcc: error: unrecognized command-line option '-qversion'; did you mean '--version'?
gcc: fatal error: no input files
compilation terminated.
configure:3523: $? = 1
configure:3512: gcc -version >&5
gcc: error: unrecognized command-line option '-version'
gcc: fatal error: no input files
compilation terminated.
configure:3523: $? = 1
configure:3543: checking whether the C compiler works
configure:3565: gcc    conftest.c  >&5
configure:3569: $? = 0
configure:3619: result: yes
configure:3622: checking for C compiler default output file name
configure:3624: result: a.out
configure:3630: checking for suffix of executables
configure:3637: gcc -o conftest    conftest.c  >&5
configure:3641: $? = 0
configure:3664: result: 
configure:3686: checking whether we are cross compiling
configure:3694: gcc -o conftest    conftest.c  >&5
configure:3698: $? = 0
configure:3705: ./conftest
configure:3709: $? = 0
configure:3724: result: no
configure:3729: checking for suffix of object files
configure:3752: gcc -c   conftest.c >&5
configure:3756: $? = 0
configure:3778: result: o
configure:3782: checking whether the compiler supports GNU C
configure:3802: gcc -c   conftest.c >&5
configure:3802: $? = 0
configure:3812: result: yes
configure:3823: checking whether gcc accepts -g
configure:3844: gcc -c -g  conftest.c >&5
configure:3844: $? = 0
configure:3888: result: yes
configure:3908: checking for gcc option to enable C11 features
configure:3923: gcc  -c -g -O2  conftest.c >&5
configure:3923: $? = 0
configure:3941: result: none needed
configure:4057: checking whether gcc understands -c and -o together
configure:4080: gcc -c conftest.c -o conftest2.o
configure:4083: $? = 0
configure:4080: gcc -c conftest.c -o conftest2.o
configure:4083: $? = 0
configure:4095: result: yes
configure:4115: checking whether make supports the include directive
configure:4130: make -f confmf.GNU && cat confinc.out
this is the am__doit target
configure:4133: $? = 0
configure:4152: result: yes (GNU style)
configure:4178: checking dependency style of gcc
configure:4290: result: gcc3
configure:4305: checking whether make sets $(MAKE)
configure:4328: result: yes
configure:4341: checking for main in -lm
configure:4361: gcc -o conftest -g -O2   conftest.c -lm   >&5
configure:4361: $? = 0
configure:4371: result: yes
configure:4387: checking for stdio.h
configure:4387: gcc -c -g -O2  conftest.c >&5
configure:4387: $? = 0
configure:4387: result: yes
configure:4387: checking for stdlib.h
configure:4387: gcc -c -g -O2  conftest.c >&5
configure:4387: $? = 0
configure:4387: result: yes
configure:4387: checking for string.h
configure:4387: gcc -c -g -O2  conftest.c >&5
configure:4387: $? = 0
configure:4387: result: yes
configure:4387: checking for inttypes.h
configure:4387: gcc -c -g -O2  conftest.c >&5
configure:4387: $? = 0
configure:4387: result: yes
configure:4387: checking for stdint.h
configure:4387: gcc -c -g -O2  conftest.c >&5
configure:4387: $? = 0
configure:4387: result: yes
configure:4387: checking for strings.h
configure:4387: gcc -c -g -O2  conftest.c >&5
configure:4387: $? = 0
configure:4387: result: yes
configure:4387: checking for sys/stat.h
configure:4387: gcc -c -g -O2  conftest.c >&5
configure:4387: $? = 0
configure:4387: result: yes
configure:4387: checking for sys/types.h
configure:4387: gcc -c -g -O2  conftest.c >&5
configure:4387: $? = 0
configure:4387: result: yes
configure:4387: checking for unistd.h
configure:4387: gcc -c -g -O2  conftest.c >&5
configure:4387: $? = 0
configure:4387: result: yes
configure:4412: checking for fcntl.h
configure:4412: gcc -c -g -O2  conftest.c >&5
configure:4412: $? = 0
configure:4412: result: yes
configure:4418: checking for unistd.h
configure:4418: result: yes
configure:4429: checking for pow
configure:4429: gcc -o conftest -g -O2   conftest.c -lm  >&5
conftest.c:40:6: warning: conflicting types for built-in function 'pow'; expected 'double(double,  double)' [-Wbuiltin-declaration-mismatch]
   40 | char pow ();
      |      ^~~
conftest.c:32:1: note: 'pow' is declared in header '<math.h>'
   31 | #include <limits.h>
   32 | #undef pow
configure:4429: $? = 0
configure:4429: result: yes
configure:4435: checking for sqrt
configure:4435: gcc -o conftest -g -O2   conftest.c -lm  >&5
conftest.c:41:6: warning: conflicting types for built-in function 'sqrt'; expected 'double(double)' [-Wbuiltin-declaration-mismatch]
   41 | char sqrt ();
      |      ^~~~
conftest.c:33:1: note: 'sqrt' is declared in header '<math.h>'
   32 | #include <limits.h>
   33 | #undef sqrt
configure:4435: $? = 0
configure:4435: result: yes
configure:4546: checking that generated files are newer than configure
configure:4552: result: done
configure:4575: creating ./config.status

## ---------------------- ##
## Running config.status. ##
## ---------------------- ##

This file was extended by dxf2G config.status 1.0.6, which was
generated by GNU Autoconf 2.71.  Invocation command line was

  CONFIG_FILES    = 
  CONFIG_HEADERS  = 
  CONFIG_LINKS    = 
  CONFIG_COMMANDS = 
  $ ./config.status 

on pier-hp350g2

config.status:856: creating Makefile
config.status:856: creating doc/Makefile
config.status:856: creating examples/Makefile
config.status:856: creating man/Makefile
config.status:856: creating scripts/Makefile
config.status:856: creating src/Makefile
config.status:856: creating config.h
config.status:1037: config.h is unchanged
config.status:1085: executing depfiles commands
config.status:1162: cd .       && sed -e '/# am--include-marker/d' Makefile         | make -f - am--depfiles
make: Nothing to be done for 'am--depfiles'.
config.status:1167: $? = 0
config.status:1162: cd src       && sed -e '/# am--include-marker/d' Makefile         | make -f - am--depfiles
make: Nothing to be done for 'am--depfiles'.
config.status:1167: $? = 0

## ---------------- ##
## Cache variables. ##
## ---------------- ##

ac_cv_c_compiler_gnu=yes
ac_cv_env_CC_set=
ac_cv_env_CC_value=
ac_cv_env_CFLAGS_set=
ac_cv_env_CFLAGS_value=
ac_cv_env_CPPFLAGS_set=
ac_cv_env_CPPFLAGS_value=
ac_cv_env_LDFLAGS_set=
ac_cv_env_LDFLAGS_value=
ac_cv_env_LIBS_set=
ac_cv_env_LIBS_value=
ac_cv_env_build_alias_set=
ac_cv_env_build_alias_value=
ac_cv_env_host_alias_set=
ac_cv_env_host_alias_value=
ac_cv_env_target_alias_set=
ac_cv_env_target_alias_value=
ac_cv_func_pow=yes
ac_cv_func_sqrt=yes
ac_cv_header_fcntl_h=yes
ac_cv_header_inttypes_h=yes
ac_cv_header_stdint_h=yes
ac_cv_header_stdio_h=yes
ac_cv_header_stdlib_h=yes
ac_cv_header_string_h=yes
ac_cv_header_strings_h=yes
ac_cv_header_sys_stat_h=yes
ac_cv_header_sys_types_h=yes
ac_cv_header_unistd_h=yes
ac_cv_lib_m_main=yes
ac_cv_objext=o
ac_cv_path_install='/usr/bin/install -c'
ac_cv_path_mkdir=/usr/bin/mkdir
ac_cv_prog_AWK=gawk
ac_cv_prog_ac_ct_CC=gcc
ac_cv_prog_cc_c11=
ac_cv_prog_cc_g=yes
ac_cv_prog_cc_stdc=
ac_cv_prog_make_make_set=yes
am_cv_CC_dependencies_compiler_type=gcc3
am_cv_make_support_nested_variables=yes
am_cv_prog_cc_c_o=yes

## ----------------- ##
## Output variables. ##
## ----------------- ##

ACLOCAL='${SHELL} '\''/home/pier/Documents/PlatformIO/Projects/dxf2G/dxf2G-1.0.6/missing'\'' aclocal-1.16'
AMDEPBACKSLASH='\'
AMDEP_FALSE='#'
AMDEP_TRUE=''
AMTAR='$${TAR-tar}'
AM_BACKSLASH='\'
AM_DEFAULT_V='$(AM_DEFAULT_VERBOSITY)'
AM_DEFAULT_VERBOSITY='1'
AM_V='$(V)'
AUTOCONF='${SHELL} '\''/home/pier/Documents/PlatformIO/Projects/dxf2G/dxf2G-1.0.6/missing'\'' autoconf'
AUTOHEADER='${SHELL} '\''/home/pier/Documents/PlatformIO/Projects/dxf2G/dxf2G-1.0.6/missing'\'' autoheader'
AUTOMAKE='${SHELL} '\''/home/pier/Documents/PlatformIO/Projects/dxf2G/dxf2G-1.0.6/missing'\'' automake-1.16'
AWK='gawk'
CC='gcc'
CCDEPMODE='depmode=gcc3'
CFLAGS='-g -O2'
CPPFLAGS=''
CSCOPE='cscope'
CTAGS='ctags'
CYGPATH_W='echo'
DEFS='-DHAVE_CONFIG_H'
DEPDIR='.deps'
ECHO_C=''
ECHO_N='-n'
ECHO_T=''
ETAGS='etags'
EXEEXT=''
INSTALL_DATA='${INSTALL} -m 644'
INSTALL_PROGRAM='${INSTALL}'
INSTALL_SCRIPT='${INSTALL}'
INSTALL_STRIP_PROGRAM='$(install_sh) -c -s'
LDFLAGS=''
LIBOBJS=''
LIBS='-lm '
LTLIBOBJS=''
MAKEINFO='${SHELL} '\''/home/pier/Documents/PlatformIO/Projects/dxf2G/dxf2G-1.0.6/missing'\'' makeinfo'
MKDIR_P='/usr/bin/mkdir -p'
OBJEXT='o'
PACKAGE='dxf2g'
PACKAGE_BUGREPORT='pier@unirc.eu'
PACKAGE_NAME='dxf2G'
PACKAGE_STRING='dxf2G 1.0.6'
PACKAGE_TARNAME='dxf2g'
PACKAGE_URL=''
PACKAGE_VERSION='1.0.6'
PATH_SEPARATOR=':'
SET_MAKE=''
SHELL='/bin/bash'
STRIP=''
VERSION='1.0.6'
ac_ct_CC='gcc'
am__EXEEXT_FALSE=''
am__EXEEXT_TRUE='#'
am__fastdepCC_FALSE='#'
am__fastdepCC_TRUE=''
am__include='include'
am__isrc=''
am__leading_dot='.'
am__nodep='_no'
am__quote=''
am__tar='$${TAR-tar} chof - "$$tardir"'
am__untar='$${TAR-tar} xf -'
bindir='${exec_prefix}/bin'
build_alias=''
datadir='${datarootdir}'
datarootdir='${prefix}/share'
docdir='${datarootdir}/doc/${PACKAGE_TARNAME}'
dvidir='${docdir}'
exec_prefix='${prefix}'
host_alias=''
htmldir='${docdir}'
includedir='${prefix}/include'
infodir='${datarootdir}/info'
install_sh='${SHELL} /home/pier/Documents/PlatformIO/Projects/dxf2G/dxf2G-1.0.6/install-sh'
libdir='${exec_prefix}/lib'
libexecdir='${exec_prefix}/libexec'
localedir='${datarootdir}/locale'
localstatedir='${prefix}/var'
mandir='${datarootdir}/man'
mkdir_p='$(MKDIR_P)'
oldincludedir='/usr/include'
pdfdir='${docdir}'
prefix='/usr/local'
program_transform_name='s,x,x,'
psdir='${docdir}'
runstatedir='${localstatedir}/run'
sbindir='${exec_prefix}/sbin'
sharedstatedir='${prefix}/com'
sysconfdir='${prefix}/etc'
target_alias=''

## ----------- ##
## confdefs.h. ##
## ----------- ##

/* confdefs.h */
#define PACKAGE_NAME "dxf2G"
#define PACKAGE_TARNAME "dxf2g"
#define PACKAGE_VERSION "1.0.6"
#define PACKAGE_STRING "dxf2G 1.0.6"
#define PACKAGE_BUGREPORT "pier@unirc.eu"
#define PACKAGE_URL ""
#define PACKAGE "dxf2g"
#define VERSION "1.0.6"
#define HAVE_LIBM 1
#define HAVE_STDIO_H 1
#define HAVE_STDLIB_H 1
#define HAVE_STRING_H 1
#define HAVE_INTTYPES_H 1
#define HAVE_STDINT_H 1
#define HAVE_STRINGS_H 1
#define HAVE_SYS_STAT_H 1
#define HAVE_SYS_TYPES_H 1
#define HAVE_UNISTD_H 1
#define STDC_HEADERS 1
#define HAVE_FCNTL_H 1
#define HAVE_UNISTD_H 1
#define HAVE_POW 1
#define HAVE_SQRT 1

configure: exit 0

## ---------------------- ##
## Running config.status. ##
## ---------------------- ##

This file was extended by dxf2G config.status 1.0.6, which was
generated by GNU Autoconf 2.71.  Invocation command line was

  CONFIG_FILES    = 
  CONFIG_HEADERS  = 
  CONFIG_LINKS    = 
  CONFIG_COMMANDS = 
  $ ./config.status config.h

on pier-hp350g2

config.status:856: creating config.h
config.status:1037: config.h is unchanged
